15:34:53 ERROR PageActions:31 - Current Page URL http://okmry52647dns.eastus.cloudapp.azure.com:9090/home is not matching with expected http://okmry52647dns.eastus.cloudapp.azure.com:9090/user_entry/login url
15:34:53 INFO  PageActions:158 - Wait for the [[ChromeDriver: chrome on WINDOWS (288f0dacb7906372f7e2a63309423882)] -> xpath: //span[contains(text(),'Sign In ')]]
15:34:53 INFO  PageActions:158 - Wait for the [[ChromeDriver: chrome on WINDOWS (ba4889978f72425085c16f783b814c89)] -> xpath: //span[contains(text(),'Sign In ')]]
15:34:53 INFO  PageActions:160 - Wait for the [[ChromeDriver: chrome on WINDOWS (288f0dacb7906372f7e2a63309423882)] -> xpath: //span[contains(text(),'Sign In ')]] to be visible
15:34:53 INFO  PageActions:160 - Wait for the [[ChromeDriver: chrome on WINDOWS (ba4889978f72425085c16f783b814c89)] -> xpath: //span[contains(text(),'Sign In ')]] to be visible
15:34:53 INFO  PageActions:162 - element is clickable
15:34:53 INFO  PageActions:162 - element is clickable
15:34:53 INFO  PageActions:54 - Element [[ChromeDriver: chrome on WINDOWS (ba4889978f72425085c16f783b814c89)] -> xpath: //span[contains(text(),'Sign In ')]] found on the page
15:34:53 INFO  PageActions:54 - Element [[ChromeDriver: chrome on WINDOWS (288f0dacb7906372f7e2a63309423882)] -> xpath: //span[contains(text(),'Sign In ')]] found on the page
15:34:54 INFO  PageActions:57 - Element [[ChromeDriver: chrome on WINDOWS (ba4889978f72425085c16f783b814c89)] -> xpath: //span[contains(text(),'Sign In ')]] clicked successfully
15:34:54 INFO  PageActions:57 - Element [[ChromeDriver: chrome on WINDOWS (288f0dacb7906372f7e2a63309423882)] -> xpath: //span[contains(text(),'Sign In ')]] clicked successfully
15:34:54 INFO  PageActions:158 - Wait for the [[ChromeDriver: chrome on WINDOWS (ba4889978f72425085c16f783b814c89)] -> xpath: (//input[@placeholder='Enter Email'])[1]]
15:34:54 INFO  PageActions:158 - Wait for the [[ChromeDriver: chrome on WINDOWS (288f0dacb7906372f7e2a63309423882)] -> xpath: //button[@class='btn btn-primary btn-md' and contains(text(),'Create your Account')]]
15:34:54 INFO  PageActions:160 - Wait for the [[ChromeDriver: chrome on WINDOWS (ba4889978f72425085c16f783b814c89)] -> xpath: (//input[@placeholder='Enter Email'])[1]] to be visible
15:34:54 INFO  PageActions:160 - Wait for the [[ChromeDriver: chrome on WINDOWS (288f0dacb7906372f7e2a63309423882)] -> xpath: //button[@class='btn btn-primary btn-md' and contains(text(),'Create your Account')]] to be visible
15:34:54 INFO  PageActions:162 - element is clickable
15:34:54 INFO  PageActions:162 - element is clickable
15:34:54 INFO  PageActions:54 - Element [[ChromeDriver: chrome on WINDOWS (ba4889978f72425085c16f783b814c89)] -> xpath: (//input[@placeholder='Enter Email'])[1]] found on the page
15:34:54 INFO  PageActions:54 - Element [[ChromeDriver: chrome on WINDOWS (288f0dacb7906372f7e2a63309423882)] -> xpath: //button[@class='btn btn-primary btn-md' and contains(text(),'Create your Account')]] found on the page
15:34:54 INFO  PageActions:57 - Element [[ChromeDriver: chrome on WINDOWS (ba4889978f72425085c16f783b814c89)] -> xpath: (//input[@placeholder='Enter Email'])[1]] clicked successfully
15:34:54 INFO  PageActions:57 - Element [[ChromeDriver: chrome on WINDOWS (288f0dacb7906372f7e2a63309423882)] -> xpath: //button[@class='btn btn-primary btn-md' and contains(text(),'Create your Account')]] clicked successfully
15:34:55 INFO  PageActions:158 - Wait for the [[ChromeDriver: chrome on WINDOWS (288f0dacb7906372f7e2a63309423882)] -> xpath: //input[@placeholder='Enter User Name']]
15:34:55 INFO  PageActions:67 - Cleared the [[ChromeDriver: chrome on WINDOWS (ba4889978f72425085c16f783b814c89)] -> xpath: (//input[@placeholder='Enter Email'])[1]] text field
15:34:55 INFO  PageActions:160 - Wait for the [[ChromeDriver: chrome on WINDOWS (288f0dacb7906372f7e2a63309423882)] -> xpath: //input[@placeholder='Enter User Name']] to be visible
15:34:55 INFO  PageActions:162 - element is clickable
15:34:55 INFO  PageActions:54 - Element [[ChromeDriver: chrome on WINDOWS (288f0dacb7906372f7e2a63309423882)] -> xpath: //input[@placeholder='Enter User Name']] found on the page
15:34:55 INFO  PageActions:69 - Send data to [[ChromeDriver: chrome on WINDOWS (ba4889978f72425085c16f783b814c89)] -> xpath: (//input[@placeholder='Enter Email'])[1]] sucessfully
15:34:55 INFO  PageActions:158 - Wait for the [[ChromeDriver: chrome on WINDOWS (ba4889978f72425085c16f783b814c89)] -> xpath: (//input[@placeholder='Enter Password'])[1]]
15:34:55 INFO  PageActions:160 - Wait for the [[ChromeDriver: chrome on WINDOWS (ba4889978f72425085c16f783b814c89)] -> xpath: (//input[@placeholder='Enter Password'])[1]] to be visible
15:34:55 INFO  PageActions:57 - Element [[ChromeDriver: chrome on WINDOWS (288f0dacb7906372f7e2a63309423882)] -> xpath: //input[@placeholder='Enter User Name']] clicked successfully
15:34:55 INFO  PageActions:162 - element is clickable
15:34:55 INFO  PageActions:67 - Cleared the [[ChromeDriver: chrome on WINDOWS (288f0dacb7906372f7e2a63309423882)] -> xpath: //input[@placeholder='Enter User Name']] text field
15:34:55 INFO  PageActions:54 - Element [[ChromeDriver: chrome on WINDOWS (ba4889978f72425085c16f783b814c89)] -> xpath: (//input[@placeholder='Enter Password'])[1]] found on the page
15:34:55 INFO  PageActions:69 - Send data to [[ChromeDriver: chrome on WINDOWS (288f0dacb7906372f7e2a63309423882)] -> xpath: //input[@placeholder='Enter User Name']] sucessfully
15:34:55 INFO  PageActions:57 - Element [[ChromeDriver: chrome on WINDOWS (ba4889978f72425085c16f783b814c89)] -> xpath: (//input[@placeholder='Enter Password'])[1]] clicked successfully
15:34:55 INFO  PageActions:158 - Wait for the [[ChromeDriver: chrome on WINDOWS (288f0dacb7906372f7e2a63309423882)] -> xpath: //input[@placeholder='Enter Mobile Number']]
15:34:55 INFO  PageActions:67 - Cleared the [[ChromeDriver: chrome on WINDOWS (ba4889978f72425085c16f783b814c89)] -> xpath: (//input[@placeholder='Enter Password'])[1]] text field
15:34:55 INFO  PageActions:160 - Wait for the [[ChromeDriver: chrome on WINDOWS (288f0dacb7906372f7e2a63309423882)] -> xpath: //input[@placeholder='Enter Mobile Number']] to be visible
15:34:55 INFO  PageActions:162 - element is clickable
15:34:55 INFO  PageActions:54 - Element [[ChromeDriver: chrome on WINDOWS (288f0dacb7906372f7e2a63309423882)] -> xpath: //input[@placeholder='Enter Mobile Number']] found on the page
15:34:55 INFO  PageActions:69 - Send data to [[ChromeDriver: chrome on WINDOWS (ba4889978f72425085c16f783b814c89)] -> xpath: (//input[@placeholder='Enter Password'])[1]] sucessfully
15:34:55 INFO  PageActions:158 - Wait for the [[ChromeDriver: chrome on WINDOWS (ba4889978f72425085c16f783b814c89)] -> xpath: (//button[contains(text(),'Sign In')])[1]]
15:34:55 INFO  PageActions:160 - Wait for the [[ChromeDriver: chrome on WINDOWS (ba4889978f72425085c16f783b814c89)] -> xpath: (//button[contains(text(),'Sign In')])[1]] to be visible
15:34:55 INFO  PageActions:57 - Element [[ChromeDriver: chrome on WINDOWS (288f0dacb7906372f7e2a63309423882)] -> xpath: //input[@placeholder='Enter Mobile Number']] clicked successfully
15:34:55 INFO  PageActions:162 - element is clickable
15:34:55 INFO  PageActions:54 - Element [[ChromeDriver: chrome on WINDOWS (ba4889978f72425085c16f783b814c89)] -> xpath: (//button[contains(text(),'Sign In')])[1]] found on the page
15:34:55 INFO  PageActions:67 - Cleared the [[ChromeDriver: chrome on WINDOWS (288f0dacb7906372f7e2a63309423882)] -> xpath: //input[@placeholder='Enter Mobile Number']] text field
15:34:55 INFO  PageActions:69 - Send data to [[ChromeDriver: chrome on WINDOWS (288f0dacb7906372f7e2a63309423882)] -> xpath: //input[@placeholder='Enter Mobile Number']] sucessfully
15:34:55 INFO  PageActions:158 - Wait for the [[ChromeDriver: chrome on WINDOWS (288f0dacb7906372f7e2a63309423882)] -> xpath: //div[@class='sign-up-main']//..//input[@placeholder='Enter Email']]
15:34:55 INFO  PageActions:57 - Element [[ChromeDriver: chrome on WINDOWS (ba4889978f72425085c16f783b814c89)] -> xpath: (//button[contains(text(),'Sign In')])[1]] clicked successfully
15:34:55 INFO  LoginTest:26 - Logged in user
15:34:55 INFO  PageActions:160 - Wait for the [[ChromeDriver: chrome on WINDOWS (288f0dacb7906372f7e2a63309423882)] -> xpath: //div[@class='sign-up-main']//..//input[@placeholder='Enter Email']] to be visible
15:34:56 INFO  PageActions:162 - element is clickable
15:34:56 INFO  PageActions:54 - Element [[ChromeDriver: chrome on WINDOWS (288f0dacb7906372f7e2a63309423882)] -> xpath: //div[@class='sign-up-main']//..//input[@placeholder='Enter Email']] found on the page
15:34:56 INFO  PageActions:57 - Element [[ChromeDriver: chrome on WINDOWS (288f0dacb7906372f7e2a63309423882)] -> xpath: //div[@class='sign-up-main']//..//input[@placeholder='Enter Email']] clicked successfully
15:34:56 INFO  PageActions:67 - Cleared the [[ChromeDriver: chrome on WINDOWS (288f0dacb7906372f7e2a63309423882)] -> xpath: //div[@class='sign-up-main']//..//input[@placeholder='Enter Email']] text field
15:34:56 INFO  PageActions:173 - Wait for the [[ChromeDriver: chrome on WINDOWS (ba4889978f72425085c16f783b814c89)] -> xpath: //div[@id='toast-container']] to be invisible
15:34:56 INFO  PageActions:69 - Send data to [[ChromeDriver: chrome on WINDOWS (288f0dacb7906372f7e2a63309423882)] -> xpath: //div[@class='sign-up-main']//..//input[@placeholder='Enter Email']] sucessfully
15:34:56 INFO  PageActions:158 - Wait for the [[ChromeDriver: chrome on WINDOWS (288f0dacb7906372f7e2a63309423882)] -> xpath: //div[@class='sign-up-main']//..//input[@placeholder='Enter Password']]
15:34:56 INFO  PageActions:160 - Wait for the [[ChromeDriver: chrome on WINDOWS (288f0dacb7906372f7e2a63309423882)] -> xpath: //div[@class='sign-up-main']//..//input[@placeholder='Enter Password']] to be visible
15:34:56 INFO  PageActions:162 - element is clickable
15:34:56 INFO  PageActions:54 - Element [[ChromeDriver: chrome on WINDOWS (288f0dacb7906372f7e2a63309423882)] -> xpath: //div[@class='sign-up-main']//..//input[@placeholder='Enter Password']] found on the page
15:34:56 INFO  PageActions:57 - Element [[ChromeDriver: chrome on WINDOWS (288f0dacb7906372f7e2a63309423882)] -> xpath: //div[@class='sign-up-main']//..//input[@placeholder='Enter Password']] clicked successfully
15:34:56 INFO  PageActions:67 - Cleared the [[ChromeDriver: chrome on WINDOWS (288f0dacb7906372f7e2a63309423882)] -> xpath: //div[@class='sign-up-main']//..//input[@placeholder='Enter Password']] text field
15:34:56 INFO  PageActions:69 - Send data to [[ChromeDriver: chrome on WINDOWS (288f0dacb7906372f7e2a63309423882)] -> xpath: //div[@class='sign-up-main']//..//input[@placeholder='Enter Password']] sucessfully
15:34:56 INFO  PageActions:158 - Wait for the [[ChromeDriver: chrome on WINDOWS (288f0dacb7906372f7e2a63309423882)] -> xpath: //button[contains(text(),'Register')]]
15:34:56 INFO  PageActions:160 - Wait for the [[ChromeDriver: chrome on WINDOWS (288f0dacb7906372f7e2a63309423882)] -> xpath: //button[contains(text(),'Register')]] to be visible
15:35:01 INFO  PageActions:175 - element is invisible now
15:35:01 INFO  PageActions:158 - Wait for the [[ChromeDriver: chrome on WINDOWS (ba4889978f72425085c16f783b814c89)] -> xpath: //span[contains(text(),'Hi,')]]
15:35:02 INFO  PageActions:160 - Wait for the [[ChromeDriver: chrome on WINDOWS (ba4889978f72425085c16f783b814c89)] -> xpath: //span[contains(text(),'Hi,')]] to be visible
15:35:02 INFO  PageActions:162 - element is clickable
15:35:02 INFO  PageActions:54 - Element [[ChromeDriver: chrome on WINDOWS (ba4889978f72425085c16f783b814c89)] -> xpath: //span[contains(text(),'Hi,')]] found on the page
15:35:02 INFO  PageActions:57 - Element [[ChromeDriver: chrome on WINDOWS (ba4889978f72425085c16f783b814c89)] -> xpath: //span[contains(text(),'Hi,')]] clicked successfully
15:35:02 INFO  PageActions:158 - Wait for the [[ChromeDriver: chrome on WINDOWS (ba4889978f72425085c16f783b814c89)] -> xpath: (//mat-icon[contains(text(),'power_settings_new')])[2]]
15:35:02 INFO  PageActions:160 - Wait for the [[ChromeDriver: chrome on WINDOWS (ba4889978f72425085c16f783b814c89)] -> xpath: (//mat-icon[contains(text(),'power_settings_new')])[2]] to be visible
15:35:02 INFO  PageActions:162 - element is clickable
15:35:02 INFO  PageActions:54 - Element [[ChromeDriver: chrome on WINDOWS (ba4889978f72425085c16f783b814c89)] -> xpath: (//mat-icon[contains(text(),'power_settings_new')])[2]] found on the page
15:35:07 INFO  PageActions:57 - Element Proxy element for: DefaultElementLocator 'By.xpath: (//mat-icon[contains(text(),'power_settings_new')])[2]' clicked successfully
15:35:07 INFO  PageActions:173 - Wait for the [[ChromeDriver: chrome on WINDOWS (ba4889978f72425085c16f783b814c89)] -> xpath: //div[@id='toast-container']] to be invisible
15:35:08 INFO  PageActions:175 - element is invisible now
15:35:08 INFO  PageActions:158 - Wait for the [[ChromeDriver: chrome on WINDOWS (ba4889978f72425085c16f783b814c89)] -> xpath: //span[contains(text(),'Sign In ')]]
15:35:08 INFO  PageActions:160 - Wait for the [[ChromeDriver: chrome on WINDOWS (ba4889978f72425085c16f783b814c89)] -> xpath: //span[contains(text(),'Sign In ')]] to be visible
15:35:08 INFO  PageActions:162 - element is clickable
15:35:08 INFO  PageActions:54 - Element [[ChromeDriver: chrome on WINDOWS (ba4889978f72425085c16f783b814c89)] -> xpath: //span[contains(text(),'Sign In ')]] found on the page
15:35:08 INFO  PageActions:57 - Element [[ChromeDriver: chrome on WINDOWS (ba4889978f72425085c16f783b814c89)] -> xpath: //span[contains(text(),'Sign In ')]] clicked successfully
15:35:08 INFO  PageActions:158 - Wait for the [[ChromeDriver: chrome on WINDOWS (ba4889978f72425085c16f783b814c89)] -> xpath: (//input[@placeholder='Enter Email'])[1]]
15:35:08 INFO  PageActions:160 - Wait for the [[ChromeDriver: chrome on WINDOWS (ba4889978f72425085c16f783b814c89)] -> xpath: (//input[@placeholder='Enter Email'])[1]] to be visible
15:35:08 INFO  PageActions:162 - element is clickable
15:35:08 INFO  PageActions:54 - Element [[ChromeDriver: chrome on WINDOWS (ba4889978f72425085c16f783b814c89)] -> xpath: (//input[@placeholder='Enter Email'])[1]] found on the page
15:35:08 INFO  PageActions:57 - Element [[ChromeDriver: chrome on WINDOWS (ba4889978f72425085c16f783b814c89)] -> xpath: (//input[@placeholder='Enter Email'])[1]] clicked successfully
15:35:08 INFO  PageActions:67 - Cleared the [[ChromeDriver: chrome on WINDOWS (ba4889978f72425085c16f783b814c89)] -> xpath: (//input[@placeholder='Enter Email'])[1]] text field
15:35:08 INFO  PageActions:69 - Send data to [[ChromeDriver: chrome on WINDOWS (ba4889978f72425085c16f783b814c89)] -> xpath: (//input[@placeholder='Enter Email'])[1]] sucessfully
15:35:08 INFO  PageActions:158 - Wait for the [[ChromeDriver: chrome on WINDOWS (ba4889978f72425085c16f783b814c89)] -> xpath: (//input[@placeholder='Enter Password'])[1]]
15:35:08 INFO  PageActions:160 - Wait for the [[ChromeDriver: chrome on WINDOWS (ba4889978f72425085c16f783b814c89)] -> xpath: (//input[@placeholder='Enter Password'])[1]] to be visible
15:35:08 INFO  PageActions:162 - element is clickable
15:35:08 INFO  PageActions:54 - Element [[ChromeDriver: chrome on WINDOWS (ba4889978f72425085c16f783b814c89)] -> xpath: (//input[@placeholder='Enter Password'])[1]] found on the page
15:35:09 INFO  PageActions:57 - Element [[ChromeDriver: chrome on WINDOWS (ba4889978f72425085c16f783b814c89)] -> xpath: (//input[@placeholder='Enter Password'])[1]] clicked successfully
15:35:09 INFO  PageActions:67 - Cleared the [[ChromeDriver: chrome on WINDOWS (ba4889978f72425085c16f783b814c89)] -> xpath: (//input[@placeholder='Enter Password'])[1]] text field
15:35:09 INFO  PageActions:69 - Send data to [[ChromeDriver: chrome on WINDOWS (ba4889978f72425085c16f783b814c89)] -> xpath: (//input[@placeholder='Enter Password'])[1]] sucessfully
15:35:09 INFO  PageActions:158 - Wait for the [[ChromeDriver: chrome on WINDOWS (ba4889978f72425085c16f783b814c89)] -> xpath: (//button[contains(text(),'Sign In')])[1]]
15:35:09 INFO  PageActions:160 - Wait for the [[ChromeDriver: chrome on WINDOWS (ba4889978f72425085c16f783b814c89)] -> xpath: (//button[contains(text(),'Sign In')])[1]] to be visible
15:35:09 INFO  PageActions:162 - element is clickable
15:35:09 INFO  PageActions:54 - Element [[ChromeDriver: chrome on WINDOWS (ba4889978f72425085c16f783b814c89)] -> xpath: (//button[contains(text(),'Sign In')])[1]] found on the page
15:35:09 INFO  PageActions:57 - Element [[ChromeDriver: chrome on WINDOWS (ba4889978f72425085c16f783b814c89)] -> xpath: (//button[contains(text(),'Sign In')])[1]] clicked successfully
15:35:09 INFO  PageActions:173 - Wait for the [[ChromeDriver: chrome on WINDOWS (ba4889978f72425085c16f783b814c89)] -> xpath: //div[@id='toast-container']] to be invisible
15:35:09 INFO  PageActions:175 - element is invisible now
15:35:09 INFO  PageActions:158 - Wait for the [[ChromeDriver: chrome on WINDOWS (ba4889978f72425085c16f783b814c89)] -> xpath: //span[contains(text(),'Sign In ')]]
15:35:09 INFO  PageActions:160 - Wait for the [[ChromeDriver: chrome on WINDOWS (ba4889978f72425085c16f783b814c89)] -> xpath: //span[contains(text(),'Sign In ')]] to be visible
15:35:09 INFO  PageActions:162 - element is clickable
15:35:09 INFO  PageActions:54 - Element [[ChromeDriver: chrome on WINDOWS (ba4889978f72425085c16f783b814c89)] -> xpath: //span[contains(text(),'Sign In ')]] found on the page
15:35:09 INFO  PageActions:57 - Element [[ChromeDriver: chrome on WINDOWS (ba4889978f72425085c16f783b814c89)] -> xpath: //span[contains(text(),'Sign In ')]] clicked successfully
15:35:09 INFO  PageActions:158 - Wait for the [[ChromeDriver: chrome on WINDOWS (ba4889978f72425085c16f783b814c89)] -> xpath: (//input[@placeholder='Enter Email'])[1]]
15:35:09 INFO  PageActions:160 - Wait for the [[ChromeDriver: chrome on WINDOWS (ba4889978f72425085c16f783b814c89)] -> xpath: (//input[@placeholder='Enter Email'])[1]] to be visible
15:35:09 INFO  PageActions:162 - element is clickable
15:35:09 INFO  PageActions:54 - Element [[ChromeDriver: chrome on WINDOWS (ba4889978f72425085c16f783b814c89)] -> xpath: (//input[@placeholder='Enter Email'])[1]] found on the page
15:35:09 INFO  PageActions:57 - Element [[ChromeDriver: chrome on WINDOWS (ba4889978f72425085c16f783b814c89)] -> xpath: (//input[@placeholder='Enter Email'])[1]] clicked successfully
15:35:09 INFO  PageActions:144 - Element field [[ChromeDriver: chrome on WINDOWS (ba4889978f72425085c16f783b814c89)] -> xpath: (//input[@placeholder='Enter Email'])[1]] value attribute recived sucessfully
15:35:10 INFO  PageActions:146 - Element field [[ChromeDriver: chrome on WINDOWS (ba4889978f72425085c16f783b814c89)] -> xpath: (//input[@placeholder='Enter Email'])[1]] is cleared sucessfully
15:35:10 INFO  PageActions:67 - Cleared the [[ChromeDriver: chrome on WINDOWS (ba4889978f72425085c16f783b814c89)] -> xpath: (//input[@placeholder='Enter Email'])[1]] text field
15:35:10 INFO  PageActions:69 - Send data to [[ChromeDriver: chrome on WINDOWS (ba4889978f72425085c16f783b814c89)] -> xpath: (//input[@placeholder='Enter Email'])[1]] sucessfully
15:35:10 INFO  PageActions:158 - Wait for the [[ChromeDriver: chrome on WINDOWS (ba4889978f72425085c16f783b814c89)] -> xpath: (//input[@placeholder='Enter Password'])[1]]
15:35:10 INFO  PageActions:160 - Wait for the [[ChromeDriver: chrome on WINDOWS (ba4889978f72425085c16f783b814c89)] -> xpath: (//input[@placeholder='Enter Password'])[1]] to be visible
15:35:10 INFO  PageActions:162 - element is clickable
15:35:10 INFO  PageActions:54 - Element [[ChromeDriver: chrome on WINDOWS (ba4889978f72425085c16f783b814c89)] -> xpath: (//input[@placeholder='Enter Password'])[1]] found on the page
15:35:10 INFO  PageActions:57 - Element [[ChromeDriver: chrome on WINDOWS (ba4889978f72425085c16f783b814c89)] -> xpath: (//input[@placeholder='Enter Password'])[1]] clicked successfully
15:35:10 INFO  PageActions:144 - Element field [[ChromeDriver: chrome on WINDOWS (ba4889978f72425085c16f783b814c89)] -> xpath: (//input[@placeholder='Enter Password'])[1]] value attribute recived sucessfully
15:35:10 INFO  PageActions:146 - Element field [[ChromeDriver: chrome on WINDOWS (ba4889978f72425085c16f783b814c89)] -> xpath: (//input[@placeholder='Enter Password'])[1]] is cleared sucessfully
15:35:10 INFO  PageActions:67 - Cleared the [[ChromeDriver: chrome on WINDOWS (ba4889978f72425085c16f783b814c89)] -> xpath: (//input[@placeholder='Enter Password'])[1]] text field
15:35:10 INFO  PageActions:69 - Send data to [[ChromeDriver: chrome on WINDOWS (ba4889978f72425085c16f783b814c89)] -> xpath: (//input[@placeholder='Enter Password'])[1]] sucessfully
15:35:10 INFO  PageActions:158 - Wait for the [[ChromeDriver: chrome on WINDOWS (ba4889978f72425085c16f783b814c89)] -> xpath: (//button[contains(text(),'Sign In')])[1]]
15:35:10 INFO  PageActions:160 - Wait for the [[ChromeDriver: chrome on WINDOWS (ba4889978f72425085c16f783b814c89)] -> xpath: (//button[contains(text(),'Sign In')])[1]] to be visible
15:35:10 INFO  PageActions:162 - element is clickable
15:35:10 INFO  PageActions:54 - Element [[ChromeDriver: chrome on WINDOWS (ba4889978f72425085c16f783b814c89)] -> xpath: (//button[contains(text(),'Sign In')])[1]] found on the page
15:35:10 INFO  PageActions:57 - Element [[ChromeDriver: chrome on WINDOWS (ba4889978f72425085c16f783b814c89)] -> xpath: (//button[contains(text(),'Sign In')])[1]] clicked successfully
15:35:10 INFO  PageActions:173 - Wait for the [[ChromeDriver: chrome on WINDOWS (ba4889978f72425085c16f783b814c89)] -> xpath: //div[@id='toast-container']] to be invisible
15:35:16 INFO  PageActions:175 - element is invisible now
15:35:17 ERROR PageActions:164 - Exception in waitForAnElementToBeVisible method- Expected condition failed: waiting for element to be clickable: [[ChromeDriver: chrome on WINDOWS (288f0dacb7906372f7e2a63309423882)] -> xpath: //button[contains(text(),'Register')]] (tried for 20 second(s) with 500 milliseconds interval)
Build info: version: '3.10.0', revision: '176b4a9', time: '2018-03-02T19:03:16.397Z'
System info: host: 'azstorageexp', ip: '10.0.0.4', os.name: 'Windows Server 2016', os.arch: 'amd64', os.version: '10.0', java.version: '1.8.0_211'
Driver info: org.openqa.selenium.chrome.ChromeDriver
Capabilities {acceptInsecureCerts: false, browserName: chrome, browserVersion: 79.0.3945.130, chrome: {chromedriverVersion: 79.0.3945.36 (3582db32b3389..., userDataDir: C:\Users\sdetlabs\AppData\L...}, goog:chromeOptions: {debuggerAddress: localhost:50132}, javascriptEnabled: true, networkConnectionEnabled: false, pageLoadStrategy: normal, platform: WINDOWS, platformName: WINDOWS, proxy: Proxy(), setWindowRect: true, strictFileInteractability: false, timeouts: {implicit: 0, pageLoad: 300000, script: 30000}, unhandledPromptBehavior: dismiss and notify}
Session ID: 288f0dacb7906372f7e2a63309423882
15:35:17 INFO  PageActions:54 - Element [[ChromeDriver: chrome on WINDOWS (288f0dacb7906372f7e2a63309423882)] -> xpath: //button[contains(text(),'Register')]] found on the page
15:35:17 ERROR PageActions:59 - Exception in Click method- move target out of bounds
  (Session info: chrome=79.0.3945.130)
Build info: version: '3.10.0', revision: '176b4a9', time: '2018-03-02T19:03:16.397Z'
System info: host: 'azstorageexp', ip: '10.0.0.4', os.name: 'Windows Server 2016', os.arch: 'amd64', os.version: '10.0', java.version: '1.8.0_211'
Driver info: org.openqa.selenium.chrome.ChromeDriver
Capabilities {acceptInsecureCerts: false, browserName: chrome, browserVersion: 79.0.3945.130, chrome: {chromedriverVersion: 79.0.3945.36 (3582db32b3389..., userDataDir: C:\Users\sdetlabs\AppData\L...}, goog:chromeOptions: {debuggerAddress: localhost:50132}, javascriptEnabled: true, networkConnectionEnabled: false, pageLoadStrategy: normal, platform: WINDOWS, platformName: WINDOWS, proxy: Proxy(), setWindowRect: true, strictFileInteractability: false, timeouts: {implicit: 0, pageLoad: 300000, script: 30000}, unhandledPromptBehavior: dismiss and notify}
Session ID: 288f0dacb7906372f7e2a63309423882
15:35:17 INFO  RegisterTest:28 - Registereda user
15:43:25 ERROR PageActions:31 - Current Page URL http://okmry52647dns.eastus.cloudapp.azure.com:9090/home is not matching with expected http://okmry52647dns.eastus.cloudapp.azure.com:9090/user_entry/login url
15:43:25 INFO  PageActions:158 - Wait for the [[ChromeDriver: chrome on WINDOWS (c7eb25dbdfffed252cfe379646139dcc)] -> xpath: //span[contains(text(),'Sign In ')]]
15:43:25 INFO  PageActions:158 - Wait for the [[ChromeDriver: chrome on WINDOWS (8393712d91393bcff96870657afd60f0)] -> xpath: //span[contains(text(),'Sign In ')]]
15:43:25 INFO  PageActions:160 - Wait for the [[ChromeDriver: chrome on WINDOWS (c7eb25dbdfffed252cfe379646139dcc)] -> xpath: //span[contains(text(),'Sign In ')]] to be visible
15:43:25 INFO  PageActions:160 - Wait for the [[ChromeDriver: chrome on WINDOWS (8393712d91393bcff96870657afd60f0)] -> xpath: //span[contains(text(),'Sign In ')]] to be visible
15:43:26 INFO  PageActions:162 - element is clickable
15:43:26 INFO  PageActions:162 - element is clickable
15:43:26 INFO  PageActions:54 - Element [[ChromeDriver: chrome on WINDOWS (c7eb25dbdfffed252cfe379646139dcc)] -> xpath: //span[contains(text(),'Sign In ')]] found on the page
15:43:26 INFO  PageActions:54 - Element [[ChromeDriver: chrome on WINDOWS (8393712d91393bcff96870657afd60f0)] -> xpath: //span[contains(text(),'Sign In ')]] found on the page
15:43:26 INFO  PageActions:57 - Element [[ChromeDriver: chrome on WINDOWS (c7eb25dbdfffed252cfe379646139dcc)] -> xpath: //span[contains(text(),'Sign In ')]] clicked successfully
15:43:26 INFO  PageActions:57 - Element [[ChromeDriver: chrome on WINDOWS (8393712d91393bcff96870657afd60f0)] -> xpath: //span[contains(text(),'Sign In ')]] clicked successfully
15:43:26 INFO  PageActions:158 - Wait for the [[ChromeDriver: chrome on WINDOWS (c7eb25dbdfffed252cfe379646139dcc)] -> xpath: //button[@class='btn btn-primary btn-md' and contains(text(),'Create your Account')]]
15:43:26 INFO  PageActions:158 - Wait for the [[ChromeDriver: chrome on WINDOWS (8393712d91393bcff96870657afd60f0)] -> xpath: (//input[@placeholder='Enter Email'])[1]]
15:43:26 INFO  PageActions:160 - Wait for the [[ChromeDriver: chrome on WINDOWS (c7eb25dbdfffed252cfe379646139dcc)] -> xpath: //button[@class='btn btn-primary btn-md' and contains(text(),'Create your Account')]] to be visible
15:43:26 INFO  PageActions:160 - Wait for the [[ChromeDriver: chrome on WINDOWS (8393712d91393bcff96870657afd60f0)] -> xpath: (//input[@placeholder='Enter Email'])[1]] to be visible
15:43:26 INFO  PageActions:162 - element is clickable
15:43:26 INFO  PageActions:162 - element is clickable
15:43:26 INFO  PageActions:54 - Element [[ChromeDriver: chrome on WINDOWS (c7eb25dbdfffed252cfe379646139dcc)] -> xpath: //button[@class='btn btn-primary btn-md' and contains(text(),'Create your Account')]] found on the page
15:43:26 INFO  PageActions:54 - Element [[ChromeDriver: chrome on WINDOWS (8393712d91393bcff96870657afd60f0)] -> xpath: (//input[@placeholder='Enter Email'])[1]] found on the page
15:43:26 INFO  PageActions:57 - Element [[ChromeDriver: chrome on WINDOWS (c7eb25dbdfffed252cfe379646139dcc)] -> xpath: //button[@class='btn btn-primary btn-md' and contains(text(),'Create your Account')]] clicked successfully
15:43:26 INFO  PageActions:57 - Element [[ChromeDriver: chrome on WINDOWS (8393712d91393bcff96870657afd60f0)] -> xpath: (//input[@placeholder='Enter Email'])[1]] clicked successfully
15:43:26 INFO  PageActions:158 - Wait for the [[ChromeDriver: chrome on WINDOWS (c7eb25dbdfffed252cfe379646139dcc)] -> xpath: //input[@placeholder='Enter User Name']]
15:43:26 INFO  PageActions:67 - Cleared the [[ChromeDriver: chrome on WINDOWS (8393712d91393bcff96870657afd60f0)] -> xpath: (//input[@placeholder='Enter Email'])[1]] text field
15:43:26 INFO  PageActions:160 - Wait for the [[ChromeDriver: chrome on WINDOWS (c7eb25dbdfffed252cfe379646139dcc)] -> xpath: //input[@placeholder='Enter User Name']] to be visible
15:43:26 INFO  PageActions:162 - element is clickable
15:43:26 INFO  PageActions:54 - Element [[ChromeDriver: chrome on WINDOWS (c7eb25dbdfffed252cfe379646139dcc)] -> xpath: //input[@placeholder='Enter User Name']] found on the page
15:43:26 INFO  PageActions:69 - Send data to [[ChromeDriver: chrome on WINDOWS (8393712d91393bcff96870657afd60f0)] -> xpath: (//input[@placeholder='Enter Email'])[1]] sucessfully
15:43:26 INFO  PageActions:158 - Wait for the [[ChromeDriver: chrome on WINDOWS (8393712d91393bcff96870657afd60f0)] -> xpath: (//input[@placeholder='Enter Password'])[1]]
15:43:26 INFO  PageActions:160 - Wait for the [[ChromeDriver: chrome on WINDOWS (8393712d91393bcff96870657afd60f0)] -> xpath: (//input[@placeholder='Enter Password'])[1]] to be visible
15:43:26 INFO  PageActions:162 - element is clickable
15:43:26 INFO  PageActions:57 - Element [[ChromeDriver: chrome on WINDOWS (c7eb25dbdfffed252cfe379646139dcc)] -> xpath: //input[@placeholder='Enter User Name']] clicked successfully
15:43:26 INFO  PageActions:54 - Element [[ChromeDriver: chrome on WINDOWS (8393712d91393bcff96870657afd60f0)] -> xpath: (//input[@placeholder='Enter Password'])[1]] found on the page
15:43:26 INFO  PageActions:67 - Cleared the [[ChromeDriver: chrome on WINDOWS (c7eb25dbdfffed252cfe379646139dcc)] -> xpath: //input[@placeholder='Enter User Name']] text field
15:43:27 INFO  PageActions:69 - Send data to [[ChromeDriver: chrome on WINDOWS (c7eb25dbdfffed252cfe379646139dcc)] -> xpath: //input[@placeholder='Enter User Name']] sucessfully
15:43:27 INFO  PageActions:158 - Wait for the [[ChromeDriver: chrome on WINDOWS (c7eb25dbdfffed252cfe379646139dcc)] -> xpath: //input[@placeholder='Enter Mobile Number']]
15:43:27 INFO  PageActions:57 - Element [[ChromeDriver: chrome on WINDOWS (8393712d91393bcff96870657afd60f0)] -> xpath: (//input[@placeholder='Enter Password'])[1]] clicked successfully
15:43:27 INFO  PageActions:67 - Cleared the [[ChromeDriver: chrome on WINDOWS (8393712d91393bcff96870657afd60f0)] -> xpath: (//input[@placeholder='Enter Password'])[1]] text field
15:43:27 INFO  PageActions:160 - Wait for the [[ChromeDriver: chrome on WINDOWS (c7eb25dbdfffed252cfe379646139dcc)] -> xpath: //input[@placeholder='Enter Mobile Number']] to be visible
15:43:27 INFO  PageActions:162 - element is clickable
15:43:27 INFO  PageActions:54 - Element [[ChromeDriver: chrome on WINDOWS (c7eb25dbdfffed252cfe379646139dcc)] -> xpath: //input[@placeholder='Enter Mobile Number']] found on the page
15:43:27 INFO  PageActions:69 - Send data to [[ChromeDriver: chrome on WINDOWS (8393712d91393bcff96870657afd60f0)] -> xpath: (//input[@placeholder='Enter Password'])[1]] sucessfully
15:43:27 INFO  PageActions:158 - Wait for the [[ChromeDriver: chrome on WINDOWS (8393712d91393bcff96870657afd60f0)] -> xpath: (//button[contains(text(),'Sign In')])[1]]
15:43:27 INFO  PageActions:160 - Wait for the [[ChromeDriver: chrome on WINDOWS (8393712d91393bcff96870657afd60f0)] -> xpath: (//button[contains(text(),'Sign In')])[1]] to be visible
15:43:27 INFO  PageActions:162 - element is clickable
15:43:27 INFO  PageActions:57 - Element [[ChromeDriver: chrome on WINDOWS (c7eb25dbdfffed252cfe379646139dcc)] -> xpath: //input[@placeholder='Enter Mobile Number']] clicked successfully
15:43:27 INFO  PageActions:54 - Element [[ChromeDriver: chrome on WINDOWS (8393712d91393bcff96870657afd60f0)] -> xpath: (//button[contains(text(),'Sign In')])[1]] found on the page
15:43:27 INFO  PageActions:67 - Cleared the [[ChromeDriver: chrome on WINDOWS (c7eb25dbdfffed252cfe379646139dcc)] -> xpath: //input[@placeholder='Enter Mobile Number']] text field
15:43:27 INFO  PageActions:69 - Send data to [[ChromeDriver: chrome on WINDOWS (c7eb25dbdfffed252cfe379646139dcc)] -> xpath: //input[@placeholder='Enter Mobile Number']] sucessfully
15:43:27 INFO  PageActions:158 - Wait for the [[ChromeDriver: chrome on WINDOWS (c7eb25dbdfffed252cfe379646139dcc)] -> xpath: //div[@class='sign-up-main']//..//input[@placeholder='Enter Email']]
15:43:27 INFO  PageActions:57 - Element [[ChromeDriver: chrome on WINDOWS (8393712d91393bcff96870657afd60f0)] -> xpath: (//button[contains(text(),'Sign In')])[1]] clicked successfully
15:43:27 INFO  LoginTest:26 - Logged in user
15:43:27 INFO  PageActions:160 - Wait for the [[ChromeDriver: chrome on WINDOWS (c7eb25dbdfffed252cfe379646139dcc)] -> xpath: //div[@class='sign-up-main']//..//input[@placeholder='Enter Email']] to be visible
15:43:27 INFO  PageActions:162 - element is clickable
15:43:27 INFO  PageActions:54 - Element [[ChromeDriver: chrome on WINDOWS (c7eb25dbdfffed252cfe379646139dcc)] -> xpath: //div[@class='sign-up-main']//..//input[@placeholder='Enter Email']] found on the page
15:43:27 INFO  PageActions:57 - Element [[ChromeDriver: chrome on WINDOWS (c7eb25dbdfffed252cfe379646139dcc)] -> xpath: //div[@class='sign-up-main']//..//input[@placeholder='Enter Email']] clicked successfully
15:43:27 INFO  PageActions:67 - Cleared the [[ChromeDriver: chrome on WINDOWS (c7eb25dbdfffed252cfe379646139dcc)] -> xpath: //div[@class='sign-up-main']//..//input[@placeholder='Enter Email']] text field
15:43:27 INFO  PageActions:173 - Wait for the [[ChromeDriver: chrome on WINDOWS (8393712d91393bcff96870657afd60f0)] -> xpath: //div[@id='toast-container']] to be invisible
15:43:27 INFO  PageActions:69 - Send data to [[ChromeDriver: chrome on WINDOWS (c7eb25dbdfffed252cfe379646139dcc)] -> xpath: //div[@class='sign-up-main']//..//input[@placeholder='Enter Email']] sucessfully
15:43:27 INFO  PageActions:158 - Wait for the [[ChromeDriver: chrome on WINDOWS (c7eb25dbdfffed252cfe379646139dcc)] -> xpath: //div[@class='sign-up-main']//..//input[@placeholder='Enter Password']]
15:43:27 INFO  PageActions:160 - Wait for the [[ChromeDriver: chrome on WINDOWS (c7eb25dbdfffed252cfe379646139dcc)] -> xpath: //div[@class='sign-up-main']//..//input[@placeholder='Enter Password']] to be visible
15:43:27 INFO  PageActions:162 - element is clickable
15:43:27 INFO  PageActions:54 - Element [[ChromeDriver: chrome on WINDOWS (c7eb25dbdfffed252cfe379646139dcc)] -> xpath: //div[@class='sign-up-main']//..//input[@placeholder='Enter Password']] found on the page
15:43:28 INFO  PageActions:57 - Element [[ChromeDriver: chrome on WINDOWS (c7eb25dbdfffed252cfe379646139dcc)] -> xpath: //div[@class='sign-up-main']//..//input[@placeholder='Enter Password']] clicked successfully
15:43:28 INFO  PageActions:67 - Cleared the [[ChromeDriver: chrome on WINDOWS (c7eb25dbdfffed252cfe379646139dcc)] -> xpath: //div[@class='sign-up-main']//..//input[@placeholder='Enter Password']] text field
15:43:28 INFO  PageActions:69 - Send data to [[ChromeDriver: chrome on WINDOWS (c7eb25dbdfffed252cfe379646139dcc)] -> xpath: //div[@class='sign-up-main']//..//input[@placeholder='Enter Password']] sucessfully
15:43:28 INFO  PageActions:158 - Wait for the [[ChromeDriver: chrome on WINDOWS (c7eb25dbdfffed252cfe379646139dcc)] -> xpath: //button[contains(text(),'Register')]]
15:43:28 INFO  PageActions:160 - Wait for the [[ChromeDriver: chrome on WINDOWS (c7eb25dbdfffed252cfe379646139dcc)] -> xpath: //button[contains(text(),'Register')]] to be visible
15:43:33 INFO  PageActions:175 - element is invisible now
15:43:33 INFO  PageActions:158 - Wait for the [[ChromeDriver: chrome on WINDOWS (8393712d91393bcff96870657afd60f0)] -> xpath: //span[contains(text(),'Hi,')]]
15:43:33 INFO  PageActions:160 - Wait for the [[ChromeDriver: chrome on WINDOWS (8393712d91393bcff96870657afd60f0)] -> xpath: //span[contains(text(),'Hi,')]] to be visible
15:43:33 INFO  PageActions:162 - element is clickable
15:43:33 INFO  PageActions:54 - Element [[ChromeDriver: chrome on WINDOWS (8393712d91393bcff96870657afd60f0)] -> xpath: //span[contains(text(),'Hi,')]] found on the page
15:43:33 INFO  PageActions:57 - Element [[ChromeDriver: chrome on WINDOWS (8393712d91393bcff96870657afd60f0)] -> xpath: //span[contains(text(),'Hi,')]] clicked successfully
15:43:33 INFO  PageActions:158 - Wait for the [[ChromeDriver: chrome on WINDOWS (8393712d91393bcff96870657afd60f0)] -> xpath: (//mat-icon[contains(text(),'power_settings_new')])[2]]
15:43:33 INFO  PageActions:160 - Wait for the [[ChromeDriver: chrome on WINDOWS (8393712d91393bcff96870657afd60f0)] -> xpath: (//mat-icon[contains(text(),'power_settings_new')])[2]] to be visible
15:43:33 INFO  PageActions:162 - element is clickable
15:43:33 INFO  PageActions:54 - Element [[ChromeDriver: chrome on WINDOWS (8393712d91393bcff96870657afd60f0)] -> xpath: (//mat-icon[contains(text(),'power_settings_new')])[2]] found on the page
15:43:39 INFO  PageActions:57 - Element Proxy element for: DefaultElementLocator 'By.xpath: (//mat-icon[contains(text(),'power_settings_new')])[2]' clicked successfully
15:43:39 INFO  PageActions:173 - Wait for the [[ChromeDriver: chrome on WINDOWS (8393712d91393bcff96870657afd60f0)] -> xpath: //div[@id='toast-container']] to be invisible
15:43:39 INFO  PageActions:175 - element is invisible now
15:43:39 INFO  PageActions:158 - Wait for the [[ChromeDriver: chrome on WINDOWS (8393712d91393bcff96870657afd60f0)] -> xpath: //span[contains(text(),'Sign In ')]]
15:43:39 INFO  PageActions:160 - Wait for the [[ChromeDriver: chrome on WINDOWS (8393712d91393bcff96870657afd60f0)] -> xpath: //span[contains(text(),'Sign In ')]] to be visible
15:43:39 INFO  PageActions:162 - element is clickable
15:43:39 INFO  PageActions:54 - Element [[ChromeDriver: chrome on WINDOWS (8393712d91393bcff96870657afd60f0)] -> xpath: //span[contains(text(),'Sign In ')]] found on the page
15:43:39 INFO  PageActions:57 - Element [[ChromeDriver: chrome on WINDOWS (8393712d91393bcff96870657afd60f0)] -> xpath: //span[contains(text(),'Sign In ')]] clicked successfully
15:43:39 INFO  PageActions:158 - Wait for the [[ChromeDriver: chrome on WINDOWS (8393712d91393bcff96870657afd60f0)] -> xpath: (//input[@placeholder='Enter Email'])[1]]
15:43:39 INFO  PageActions:160 - Wait for the [[ChromeDriver: chrome on WINDOWS (8393712d91393bcff96870657afd60f0)] -> xpath: (//input[@placeholder='Enter Email'])[1]] to be visible
15:43:40 INFO  PageActions:162 - element is clickable
15:43:40 INFO  PageActions:54 - Element [[ChromeDriver: chrome on WINDOWS (8393712d91393bcff96870657afd60f0)] -> xpath: (//input[@placeholder='Enter Email'])[1]] found on the page
15:43:40 INFO  PageActions:57 - Element [[ChromeDriver: chrome on WINDOWS (8393712d91393bcff96870657afd60f0)] -> xpath: (//input[@placeholder='Enter Email'])[1]] clicked successfully
15:43:40 INFO  PageActions:67 - Cleared the [[ChromeDriver: chrome on WINDOWS (8393712d91393bcff96870657afd60f0)] -> xpath: (//input[@placeholder='Enter Email'])[1]] text field
15:43:40 INFO  PageActions:69 - Send data to [[ChromeDriver: chrome on WINDOWS (8393712d91393bcff96870657afd60f0)] -> xpath: (//input[@placeholder='Enter Email'])[1]] sucessfully
15:43:40 INFO  PageActions:158 - Wait for the [[ChromeDriver: chrome on WINDOWS (8393712d91393bcff96870657afd60f0)] -> xpath: (//input[@placeholder='Enter Password'])[1]]
15:43:40 INFO  PageActions:160 - Wait for the [[ChromeDriver: chrome on WINDOWS (8393712d91393bcff96870657afd60f0)] -> xpath: (//input[@placeholder='Enter Password'])[1]] to be visible
15:43:40 INFO  PageActions:162 - element is clickable
15:43:40 INFO  PageActions:54 - Element [[ChromeDriver: chrome on WINDOWS (8393712d91393bcff96870657afd60f0)] -> xpath: (//input[@placeholder='Enter Password'])[1]] found on the page
15:43:40 INFO  PageActions:57 - Element [[ChromeDriver: chrome on WINDOWS (8393712d91393bcff96870657afd60f0)] -> xpath: (//input[@placeholder='Enter Password'])[1]] clicked successfully
15:43:40 INFO  PageActions:67 - Cleared the [[ChromeDriver: chrome on WINDOWS (8393712d91393bcff96870657afd60f0)] -> xpath: (//input[@placeholder='Enter Password'])[1]] text field
15:43:40 INFO  PageActions:69 - Send data to [[ChromeDriver: chrome on WINDOWS (8393712d91393bcff96870657afd60f0)] -> xpath: (//input[@placeholder='Enter Password'])[1]] sucessfully
15:43:40 INFO  PageActions:158 - Wait for the [[ChromeDriver: chrome on WINDOWS (8393712d91393bcff96870657afd60f0)] -> xpath: (//button[contains(text(),'Sign In')])[1]]
15:43:40 INFO  PageActions:160 - Wait for the [[ChromeDriver: chrome on WINDOWS (8393712d91393bcff96870657afd60f0)] -> xpath: (//button[contains(text(),'Sign In')])[1]] to be visible
15:43:40 INFO  PageActions:162 - element is clickable
15:43:40 INFO  PageActions:54 - Element [[ChromeDriver: chrome on WINDOWS (8393712d91393bcff96870657afd60f0)] -> xpath: (//button[contains(text(),'Sign In')])[1]] found on the page
15:43:40 INFO  PageActions:57 - Element [[ChromeDriver: chrome on WINDOWS (8393712d91393bcff96870657afd60f0)] -> xpath: (//button[contains(text(),'Sign In')])[1]] clicked successfully
15:43:40 INFO  PageActions:173 - Wait for the [[ChromeDriver: chrome on WINDOWS (8393712d91393bcff96870657afd60f0)] -> xpath: //div[@id='toast-container']] to be invisible
15:43:40 INFO  PageActions:175 - element is invisible now
15:43:40 INFO  PageActions:158 - Wait for the [[ChromeDriver: chrome on WINDOWS (8393712d91393bcff96870657afd60f0)] -> xpath: //span[contains(text(),'Sign In ')]]
15:43:41 INFO  PageActions:160 - Wait for the [[ChromeDriver: chrome on WINDOWS (8393712d91393bcff96870657afd60f0)] -> xpath: //span[contains(text(),'Sign In ')]] to be visible
15:43:41 INFO  PageActions:162 - element is clickable
15:43:41 INFO  PageActions:54 - Element [[ChromeDriver: chrome on WINDOWS (8393712d91393bcff96870657afd60f0)] -> xpath: //span[contains(text(),'Sign In ')]] found on the page
15:43:41 INFO  PageActions:57 - Element [[ChromeDriver: chrome on WINDOWS (8393712d91393bcff96870657afd60f0)] -> xpath: //span[contains(text(),'Sign In ')]] clicked successfully
15:43:41 INFO  PageActions:158 - Wait for the [[ChromeDriver: chrome on WINDOWS (8393712d91393bcff96870657afd60f0)] -> xpath: (//input[@placeholder='Enter Email'])[1]]
15:43:41 INFO  PageActions:160 - Wait for the [[ChromeDriver: chrome on WINDOWS (8393712d91393bcff96870657afd60f0)] -> xpath: (//input[@placeholder='Enter Email'])[1]] to be visible
15:43:41 INFO  PageActions:162 - element is clickable
15:43:41 INFO  PageActions:54 - Element [[ChromeDriver: chrome on WINDOWS (8393712d91393bcff96870657afd60f0)] -> xpath: (//input[@placeholder='Enter Email'])[1]] found on the page
15:43:41 INFO  PageActions:57 - Element [[ChromeDriver: chrome on WINDOWS (8393712d91393bcff96870657afd60f0)] -> xpath: (//input[@placeholder='Enter Email'])[1]] clicked successfully
15:43:41 INFO  PageActions:144 - Element field [[ChromeDriver: chrome on WINDOWS (8393712d91393bcff96870657afd60f0)] -> xpath: (//input[@placeholder='Enter Email'])[1]] value attribute recived sucessfully
15:43:41 INFO  PageActions:146 - Element field [[ChromeDriver: chrome on WINDOWS (8393712d91393bcff96870657afd60f0)] -> xpath: (//input[@placeholder='Enter Email'])[1]] is cleared sucessfully
15:43:41 INFO  PageActions:67 - Cleared the [[ChromeDriver: chrome on WINDOWS (8393712d91393bcff96870657afd60f0)] -> xpath: (//input[@placeholder='Enter Email'])[1]] text field
15:43:41 INFO  PageActions:69 - Send data to [[ChromeDriver: chrome on WINDOWS (8393712d91393bcff96870657afd60f0)] -> xpath: (//input[@placeholder='Enter Email'])[1]] sucessfully
15:43:41 INFO  PageActions:158 - Wait for the [[ChromeDriver: chrome on WINDOWS (8393712d91393bcff96870657afd60f0)] -> xpath: (//input[@placeholder='Enter Password'])[1]]
15:43:41 INFO  PageActions:160 - Wait for the [[ChromeDriver: chrome on WINDOWS (8393712d91393bcff96870657afd60f0)] -> xpath: (//input[@placeholder='Enter Password'])[1]] to be visible
15:43:41 INFO  PageActions:162 - element is clickable
15:43:41 INFO  PageActions:54 - Element [[ChromeDriver: chrome on WINDOWS (8393712d91393bcff96870657afd60f0)] -> xpath: (//input[@placeholder='Enter Password'])[1]] found on the page
15:43:41 INFO  PageActions:57 - Element [[ChromeDriver: chrome on WINDOWS (8393712d91393bcff96870657afd60f0)] -> xpath: (//input[@placeholder='Enter Password'])[1]] clicked successfully
15:43:41 INFO  PageActions:144 - Element field [[ChromeDriver: chrome on WINDOWS (8393712d91393bcff96870657afd60f0)] -> xpath: (//input[@placeholder='Enter Password'])[1]] value attribute recived sucessfully
15:43:41 INFO  PageActions:146 - Element field [[ChromeDriver: chrome on WINDOWS (8393712d91393bcff96870657afd60f0)] -> xpath: (//input[@placeholder='Enter Password'])[1]] is cleared sucessfully
15:43:42 INFO  PageActions:67 - Cleared the [[ChromeDriver: chrome on WINDOWS (8393712d91393bcff96870657afd60f0)] -> xpath: (//input[@placeholder='Enter Password'])[1]] text field
15:43:42 INFO  PageActions:69 - Send data to [[ChromeDriver: chrome on WINDOWS (8393712d91393bcff96870657afd60f0)] -> xpath: (//input[@placeholder='Enter Password'])[1]] sucessfully
15:43:42 INFO  PageActions:158 - Wait for the [[ChromeDriver: chrome on WINDOWS (8393712d91393bcff96870657afd60f0)] -> xpath: (//button[contains(text(),'Sign In')])[1]]
15:43:42 INFO  PageActions:160 - Wait for the [[ChromeDriver: chrome on WINDOWS (8393712d91393bcff96870657afd60f0)] -> xpath: (//button[contains(text(),'Sign In')])[1]] to be visible
15:43:42 INFO  PageActions:162 - element is clickable
15:43:42 INFO  PageActions:54 - Element [[ChromeDriver: chrome on WINDOWS (8393712d91393bcff96870657afd60f0)] -> xpath: (//button[contains(text(),'Sign In')])[1]] found on the page
15:43:42 INFO  PageActions:57 - Element [[ChromeDriver: chrome on WINDOWS (8393712d91393bcff96870657afd60f0)] -> xpath: (//button[contains(text(),'Sign In')])[1]] clicked successfully
15:43:42 INFO  PageActions:173 - Wait for the [[ChromeDriver: chrome on WINDOWS (8393712d91393bcff96870657afd60f0)] -> xpath: //div[@id='toast-container']] to be invisible
15:43:48 INFO  PageActions:175 - element is invisible now
15:43:48 ERROR PageActions:164 - Exception in waitForAnElementToBeVisible method- Expected condition failed: waiting for element to be clickable: [[ChromeDriver: chrome on WINDOWS (c7eb25dbdfffed252cfe379646139dcc)] -> xpath: //button[contains(text(),'Register')]] (tried for 20 second(s) with 500 milliseconds interval)
Build info: version: '3.10.0', revision: '176b4a9', time: '2018-03-02T19:03:16.397Z'
System info: host: 'azstorageexp', ip: '10.0.0.4', os.name: 'Windows Server 2016', os.arch: 'amd64', os.version: '10.0', java.version: '1.8.0_211'
Driver info: org.openqa.selenium.chrome.ChromeDriver
Capabilities {acceptInsecureCerts: false, browserName: chrome, browserVersion: 79.0.3945.130, chrome: {chromedriverVersion: 79.0.3945.36 (3582db32b3389..., userDataDir: C:\Users\sdetlabs\AppData\L...}, goog:chromeOptions: {debuggerAddress: localhost:50260}, javascriptEnabled: true, networkConnectionEnabled: false, pageLoadStrategy: normal, platform: WINDOWS, platformName: WINDOWS, proxy: Proxy(), setWindowRect: true, strictFileInteractability: false, timeouts: {implicit: 0, pageLoad: 300000, script: 30000}, unhandledPromptBehavior: dismiss and notify}
Session ID: c7eb25dbdfffed252cfe379646139dcc
15:43:48 INFO  PageActions:54 - Element [[ChromeDriver: chrome on WINDOWS (c7eb25dbdfffed252cfe379646139dcc)] -> xpath: //button[contains(text(),'Register')]] found on the page
15:43:48 ERROR PageActions:59 - Exception in Click method- move target out of bounds
  (Session info: chrome=79.0.3945.130)
Build info: version: '3.10.0', revision: '176b4a9', time: '2018-03-02T19:03:16.397Z'
System info: host: 'azstorageexp', ip: '10.0.0.4', os.name: 'Windows Server 2016', os.arch: 'amd64', os.version: '10.0', java.version: '1.8.0_211'
Driver info: org.openqa.selenium.chrome.ChromeDriver
Capabilities {acceptInsecureCerts: false, browserName: chrome, browserVersion: 79.0.3945.130, chrome: {chromedriverVersion: 79.0.3945.36 (3582db32b3389..., userDataDir: C:\Users\sdetlabs\AppData\L...}, goog:chromeOptions: {debuggerAddress: localhost:50260}, javascriptEnabled: true, networkConnectionEnabled: false, pageLoadStrategy: normal, platform: WINDOWS, platformName: WINDOWS, proxy: Proxy(), setWindowRect: true, strictFileInteractability: false, timeouts: {implicit: 0, pageLoad: 300000, script: 30000}, unhandledPromptBehavior: dismiss and notify}
Session ID: c7eb25dbdfffed252cfe379646139dcc
15:43:48 INFO  RegisterTest:28 - Registereda user
15:45:02 ERROR PageActions:31 - Current Page URL http://okmry52647dns.eastus.cloudapp.azure.com:9090/home is not matching with expected http://okmry52647dns.eastus.cloudapp.azure.com:9090/user_entry/login url
15:45:02 INFO  PageActions:158 - Wait for the [[ChromeDriver: chrome on WINDOWS (b12237aedb7503d3fd47094fe6c35035)] -> xpath: //span[contains(text(),'Sign In ')]]
15:45:02 INFO  PageActions:158 - Wait for the [[ChromeDriver: chrome on WINDOWS (45f6f4a9b6c3516553368b08c211d529)] -> xpath: //span[contains(text(),'Sign In ')]]
15:45:02 INFO  PageActions:160 - Wait for the [[ChromeDriver: chrome on WINDOWS (45f6f4a9b6c3516553368b08c211d529)] -> xpath: //span[contains(text(),'Sign In ')]] to be visible
15:45:02 INFO  PageActions:160 - Wait for the [[ChromeDriver: chrome on WINDOWS (b12237aedb7503d3fd47094fe6c35035)] -> xpath: //span[contains(text(),'Sign In ')]] to be visible
15:45:02 INFO  PageActions:162 - element is clickable
15:45:02 INFO  PageActions:162 - element is clickable
15:45:02 INFO  PageActions:54 - Element [[ChromeDriver: chrome on WINDOWS (45f6f4a9b6c3516553368b08c211d529)] -> xpath: //span[contains(text(),'Sign In ')]] found on the page
15:45:02 INFO  PageActions:54 - Element [[ChromeDriver: chrome on WINDOWS (b12237aedb7503d3fd47094fe6c35035)] -> xpath: //span[contains(text(),'Sign In ')]] found on the page
15:45:03 INFO  PageActions:57 - Element [[ChromeDriver: chrome on WINDOWS (45f6f4a9b6c3516553368b08c211d529)] -> xpath: //span[contains(text(),'Sign In ')]] clicked successfully
15:45:03 INFO  PageActions:57 - Element [[ChromeDriver: chrome on WINDOWS (b12237aedb7503d3fd47094fe6c35035)] -> xpath: //span[contains(text(),'Sign In ')]] clicked successfully
15:45:03 INFO  PageActions:158 - Wait for the [[ChromeDriver: chrome on WINDOWS (45f6f4a9b6c3516553368b08c211d529)] -> xpath: (//input[@placeholder='Enter Email'])[1]]
15:45:03 INFO  PageActions:158 - Wait for the [[ChromeDriver: chrome on WINDOWS (b12237aedb7503d3fd47094fe6c35035)] -> xpath: //button[@class='btn btn-primary btn-md' and contains(text(),'Create your Account')]]
15:45:03 INFO  PageActions:160 - Wait for the [[ChromeDriver: chrome on WINDOWS (b12237aedb7503d3fd47094fe6c35035)] -> xpath: //button[@class='btn btn-primary btn-md' and contains(text(),'Create your Account')]] to be visible
15:45:03 INFO  PageActions:160 - Wait for the [[ChromeDriver: chrome on WINDOWS (45f6f4a9b6c3516553368b08c211d529)] -> xpath: (//input[@placeholder='Enter Email'])[1]] to be visible
15:45:03 INFO  PageActions:162 - element is clickable
15:45:03 INFO  PageActions:162 - element is clickable
15:45:03 INFO  PageActions:54 - Element [[ChromeDriver: chrome on WINDOWS (45f6f4a9b6c3516553368b08c211d529)] -> xpath: (//input[@placeholder='Enter Email'])[1]] found on the page
15:45:03 INFO  PageActions:54 - Element [[ChromeDriver: chrome on WINDOWS (b12237aedb7503d3fd47094fe6c35035)] -> xpath: //button[@class='btn btn-primary btn-md' and contains(text(),'Create your Account')]] found on the page
15:45:03 INFO  PageActions:57 - Element [[ChromeDriver: chrome on WINDOWS (45f6f4a9b6c3516553368b08c211d529)] -> xpath: (//input[@placeholder='Enter Email'])[1]] clicked successfully
15:45:03 INFO  PageActions:57 - Element [[ChromeDriver: chrome on WINDOWS (b12237aedb7503d3fd47094fe6c35035)] -> xpath: //button[@class='btn btn-primary btn-md' and contains(text(),'Create your Account')]] clicked successfully
15:45:03 INFO  PageActions:67 - Cleared the [[ChromeDriver: chrome on WINDOWS (45f6f4a9b6c3516553368b08c211d529)] -> xpath: (//input[@placeholder='Enter Email'])[1]] text field
15:45:03 INFO  PageActions:158 - Wait for the [[ChromeDriver: chrome on WINDOWS (b12237aedb7503d3fd47094fe6c35035)] -> xpath: //input[@placeholder='Enter User Name']]
15:45:03 INFO  PageActions:160 - Wait for the [[ChromeDriver: chrome on WINDOWS (b12237aedb7503d3fd47094fe6c35035)] -> xpath: //input[@placeholder='Enter User Name']] to be visible
15:45:03 INFO  PageActions:162 - element is clickable
15:45:03 INFO  PageActions:54 - Element [[ChromeDriver: chrome on WINDOWS (b12237aedb7503d3fd47094fe6c35035)] -> xpath: //input[@placeholder='Enter User Name']] found on the page
15:45:03 INFO  PageActions:69 - Send data to [[ChromeDriver: chrome on WINDOWS (45f6f4a9b6c3516553368b08c211d529)] -> xpath: (//input[@placeholder='Enter Email'])[1]] sucessfully
15:45:03 INFO  PageActions:158 - Wait for the [[ChromeDriver: chrome on WINDOWS (45f6f4a9b6c3516553368b08c211d529)] -> xpath: (//input[@placeholder='Enter Password'])[1]]
15:45:03 INFO  PageActions:160 - Wait for the [[ChromeDriver: chrome on WINDOWS (45f6f4a9b6c3516553368b08c211d529)] -> xpath: (//input[@placeholder='Enter Password'])[1]] to be visible
15:45:03 INFO  PageActions:162 - element is clickable
15:45:03 INFO  PageActions:54 - Element [[ChromeDriver: chrome on WINDOWS (45f6f4a9b6c3516553368b08c211d529)] -> xpath: (//input[@placeholder='Enter Password'])[1]] found on the page
15:45:03 INFO  PageActions:57 - Element [[ChromeDriver: chrome on WINDOWS (b12237aedb7503d3fd47094fe6c35035)] -> xpath: //input[@placeholder='Enter User Name']] clicked successfully
15:45:03 INFO  PageActions:67 - Cleared the [[ChromeDriver: chrome on WINDOWS (b12237aedb7503d3fd47094fe6c35035)] -> xpath: //input[@placeholder='Enter User Name']] text field
15:45:03 INFO  PageActions:57 - Element [[ChromeDriver: chrome on WINDOWS (45f6f4a9b6c3516553368b08c211d529)] -> xpath: (//input[@placeholder='Enter Password'])[1]] clicked successfully
15:45:03 INFO  PageActions:69 - Send data to [[ChromeDriver: chrome on WINDOWS (b12237aedb7503d3fd47094fe6c35035)] -> xpath: //input[@placeholder='Enter User Name']] sucessfully
15:45:03 INFO  PageActions:67 - Cleared the [[ChromeDriver: chrome on WINDOWS (45f6f4a9b6c3516553368b08c211d529)] -> xpath: (//input[@placeholder='Enter Password'])[1]] text field
15:45:03 INFO  PageActions:158 - Wait for the [[ChromeDriver: chrome on WINDOWS (b12237aedb7503d3fd47094fe6c35035)] -> xpath: //input[@placeholder='Enter Mobile Number']]
15:45:03 INFO  PageActions:160 - Wait for the [[ChromeDriver: chrome on WINDOWS (b12237aedb7503d3fd47094fe6c35035)] -> xpath: //input[@placeholder='Enter Mobile Number']] to be visible
15:45:03 INFO  PageActions:162 - element is clickable
15:45:03 INFO  PageActions:69 - Send data to [[ChromeDriver: chrome on WINDOWS (45f6f4a9b6c3516553368b08c211d529)] -> xpath: (//input[@placeholder='Enter Password'])[1]] sucessfully
15:45:03 INFO  PageActions:54 - Element [[ChromeDriver: chrome on WINDOWS (b12237aedb7503d3fd47094fe6c35035)] -> xpath: //input[@placeholder='Enter Mobile Number']] found on the page
15:45:03 INFO  PageActions:158 - Wait for the [[ChromeDriver: chrome on WINDOWS (45f6f4a9b6c3516553368b08c211d529)] -> xpath: (//button[contains(text(),'Sign In')])[1]]
15:45:04 INFO  PageActions:160 - Wait for the [[ChromeDriver: chrome on WINDOWS (45f6f4a9b6c3516553368b08c211d529)] -> xpath: (//button[contains(text(),'Sign In')])[1]] to be visible
15:45:04 INFO  PageActions:162 - element is clickable
15:45:04 INFO  PageActions:54 - Element [[ChromeDriver: chrome on WINDOWS (45f6f4a9b6c3516553368b08c211d529)] -> xpath: (//button[contains(text(),'Sign In')])[1]] found on the page
15:45:04 INFO  PageActions:57 - Element [[ChromeDriver: chrome on WINDOWS (b12237aedb7503d3fd47094fe6c35035)] -> xpath: //input[@placeholder='Enter Mobile Number']] clicked successfully
15:45:04 INFO  PageActions:67 - Cleared the [[ChromeDriver: chrome on WINDOWS (b12237aedb7503d3fd47094fe6c35035)] -> xpath: //input[@placeholder='Enter Mobile Number']] text field
15:45:04 INFO  PageActions:69 - Send data to [[ChromeDriver: chrome on WINDOWS (b12237aedb7503d3fd47094fe6c35035)] -> xpath: //input[@placeholder='Enter Mobile Number']] sucessfully
15:45:04 INFO  PageActions:57 - Element [[ChromeDriver: chrome on WINDOWS (45f6f4a9b6c3516553368b08c211d529)] -> xpath: (//button[contains(text(),'Sign In')])[1]] clicked successfully
15:45:04 INFO  LoginTest:26 - Logged in user
15:45:04 INFO  PageActions:158 - Wait for the [[ChromeDriver: chrome on WINDOWS (b12237aedb7503d3fd47094fe6c35035)] -> xpath: //div[@class='sign-up-main']//..//input[@placeholder='Enter Email']]
15:45:04 INFO  PageActions:160 - Wait for the [[ChromeDriver: chrome on WINDOWS (b12237aedb7503d3fd47094fe6c35035)] -> xpath: //div[@class='sign-up-main']//..//input[@placeholder='Enter Email']] to be visible
15:45:04 INFO  PageActions:162 - element is clickable
15:45:04 INFO  PageActions:54 - Element [[ChromeDriver: chrome on WINDOWS (b12237aedb7503d3fd47094fe6c35035)] -> xpath: //div[@class='sign-up-main']//..//input[@placeholder='Enter Email']] found on the page
15:45:04 INFO  PageActions:57 - Element [[ChromeDriver: chrome on WINDOWS (b12237aedb7503d3fd47094fe6c35035)] -> xpath: //div[@class='sign-up-main']//..//input[@placeholder='Enter Email']] clicked successfully
15:45:04 INFO  PageActions:173 - Wait for the [[ChromeDriver: chrome on WINDOWS (45f6f4a9b6c3516553368b08c211d529)] -> xpath: //div[@id='toast-container']] to be invisible
15:45:04 INFO  PageActions:67 - Cleared the [[ChromeDriver: chrome on WINDOWS (b12237aedb7503d3fd47094fe6c35035)] -> xpath: //div[@class='sign-up-main']//..//input[@placeholder='Enter Email']] text field
15:45:04 INFO  PageActions:69 - Send data to [[ChromeDriver: chrome on WINDOWS (b12237aedb7503d3fd47094fe6c35035)] -> xpath: //div[@class='sign-up-main']//..//input[@placeholder='Enter Email']] sucessfully
15:45:04 INFO  PageActions:158 - Wait for the [[ChromeDriver: chrome on WINDOWS (b12237aedb7503d3fd47094fe6c35035)] -> xpath: //div[@class='sign-up-main']//..//input[@placeholder='Enter Password']]
15:45:04 INFO  PageActions:160 - Wait for the [[ChromeDriver: chrome on WINDOWS (b12237aedb7503d3fd47094fe6c35035)] -> xpath: //div[@class='sign-up-main']//..//input[@placeholder='Enter Password']] to be visible
15:45:04 INFO  PageActions:162 - element is clickable
15:45:04 INFO  PageActions:54 - Element [[ChromeDriver: chrome on WINDOWS (b12237aedb7503d3fd47094fe6c35035)] -> xpath: //div[@class='sign-up-main']//..//input[@placeholder='Enter Password']] found on the page
15:45:04 INFO  PageActions:57 - Element [[ChromeDriver: chrome on WINDOWS (b12237aedb7503d3fd47094fe6c35035)] -> xpath: //div[@class='sign-up-main']//..//input[@placeholder='Enter Password']] clicked successfully
15:45:04 INFO  PageActions:67 - Cleared the [[ChromeDriver: chrome on WINDOWS (b12237aedb7503d3fd47094fe6c35035)] -> xpath: //div[@class='sign-up-main']//..//input[@placeholder='Enter Password']] text field
15:45:05 INFO  PageActions:69 - Send data to [[ChromeDriver: chrome on WINDOWS (b12237aedb7503d3fd47094fe6c35035)] -> xpath: //div[@class='sign-up-main']//..//input[@placeholder='Enter Password']] sucessfully
15:45:05 INFO  PageActions:158 - Wait for the [[ChromeDriver: chrome on WINDOWS (b12237aedb7503d3fd47094fe6c35035)] -> xpath: //button[contains(text(),'Register')]]
15:45:05 INFO  PageActions:160 - Wait for the [[ChromeDriver: chrome on WINDOWS (b12237aedb7503d3fd47094fe6c35035)] -> xpath: //button[contains(text(),'Register')]] to be visible
15:45:09 INFO  PageActions:175 - element is invisible now
15:45:09 INFO  PageActions:158 - Wait for the [[ChromeDriver: chrome on WINDOWS (45f6f4a9b6c3516553368b08c211d529)] -> xpath: //span[contains(text(),'Hi,')]]
15:45:09 INFO  PageActions:160 - Wait for the [[ChromeDriver: chrome on WINDOWS (45f6f4a9b6c3516553368b08c211d529)] -> xpath: //span[contains(text(),'Hi,')]] to be visible
15:45:09 INFO  PageActions:162 - element is clickable
15:45:09 INFO  PageActions:54 - Element [[ChromeDriver: chrome on WINDOWS (45f6f4a9b6c3516553368b08c211d529)] -> xpath: //span[contains(text(),'Hi,')]] found on the page
15:45:10 INFO  PageActions:57 - Element [[ChromeDriver: chrome on WINDOWS (45f6f4a9b6c3516553368b08c211d529)] -> xpath: //span[contains(text(),'Hi,')]] clicked successfully
15:45:10 INFO  PageActions:158 - Wait for the [[ChromeDriver: chrome on WINDOWS (45f6f4a9b6c3516553368b08c211d529)] -> xpath: (//mat-icon[contains(text(),'power_settings_new')])[2]]
15:45:10 INFO  PageActions:160 - Wait for the [[ChromeDriver: chrome on WINDOWS (45f6f4a9b6c3516553368b08c211d529)] -> xpath: (//mat-icon[contains(text(),'power_settings_new')])[2]] to be visible
15:45:10 INFO  PageActions:162 - element is clickable
15:45:10 INFO  PageActions:54 - Element [[ChromeDriver: chrome on WINDOWS (45f6f4a9b6c3516553368b08c211d529)] -> xpath: (//mat-icon[contains(text(),'power_settings_new')])[2]] found on the page
15:45:15 INFO  PageActions:57 - Element Proxy element for: DefaultElementLocator 'By.xpath: (//mat-icon[contains(text(),'power_settings_new')])[2]' clicked successfully
15:45:15 INFO  PageActions:173 - Wait for the [[ChromeDriver: chrome on WINDOWS (45f6f4a9b6c3516553368b08c211d529)] -> xpath: //div[@id='toast-container']] to be invisible
15:45:15 INFO  PageActions:175 - element is invisible now
15:45:16 INFO  PageActions:158 - Wait for the [[ChromeDriver: chrome on WINDOWS (45f6f4a9b6c3516553368b08c211d529)] -> xpath: //span[contains(text(),'Sign In ')]]
15:45:16 INFO  PageActions:160 - Wait for the [[ChromeDriver: chrome on WINDOWS (45f6f4a9b6c3516553368b08c211d529)] -> xpath: //span[contains(text(),'Sign In ')]] to be visible
15:45:16 INFO  PageActions:162 - element is clickable
15:45:16 INFO  PageActions:54 - Element [[ChromeDriver: chrome on WINDOWS (45f6f4a9b6c3516553368b08c211d529)] -> xpath: //span[contains(text(),'Sign In ')]] found on the page
15:45:16 INFO  PageActions:57 - Element [[ChromeDriver: chrome on WINDOWS (45f6f4a9b6c3516553368b08c211d529)] -> xpath: //span[contains(text(),'Sign In ')]] clicked successfully
15:45:16 INFO  PageActions:158 - Wait for the [[ChromeDriver: chrome on WINDOWS (45f6f4a9b6c3516553368b08c211d529)] -> xpath: (//input[@placeholder='Enter Email'])[1]]
15:45:16 INFO  PageActions:160 - Wait for the [[ChromeDriver: chrome on WINDOWS (45f6f4a9b6c3516553368b08c211d529)] -> xpath: (//input[@placeholder='Enter Email'])[1]] to be visible
15:45:16 INFO  PageActions:162 - element is clickable
15:45:16 INFO  PageActions:54 - Element [[ChromeDriver: chrome on WINDOWS (45f6f4a9b6c3516553368b08c211d529)] -> xpath: (//input[@placeholder='Enter Email'])[1]] found on the page
15:45:16 INFO  PageActions:57 - Element [[ChromeDriver: chrome on WINDOWS (45f6f4a9b6c3516553368b08c211d529)] -> xpath: (//input[@placeholder='Enter Email'])[1]] clicked successfully
15:45:16 INFO  PageActions:67 - Cleared the [[ChromeDriver: chrome on WINDOWS (45f6f4a9b6c3516553368b08c211d529)] -> xpath: (//input[@placeholder='Enter Email'])[1]] text field
15:45:16 INFO  PageActions:69 - Send data to [[ChromeDriver: chrome on WINDOWS (45f6f4a9b6c3516553368b08c211d529)] -> xpath: (//input[@placeholder='Enter Email'])[1]] sucessfully
15:45:16 INFO  PageActions:158 - Wait for the [[ChromeDriver: chrome on WINDOWS (45f6f4a9b6c3516553368b08c211d529)] -> xpath: (//input[@placeholder='Enter Password'])[1]]
15:45:16 INFO  PageActions:160 - Wait for the [[ChromeDriver: chrome on WINDOWS (45f6f4a9b6c3516553368b08c211d529)] -> xpath: (//input[@placeholder='Enter Password'])[1]] to be visible
15:45:16 INFO  PageActions:162 - element is clickable
15:45:16 INFO  PageActions:54 - Element [[ChromeDriver: chrome on WINDOWS (45f6f4a9b6c3516553368b08c211d529)] -> xpath: (//input[@placeholder='Enter Password'])[1]] found on the page
15:45:16 INFO  PageActions:57 - Element [[ChromeDriver: chrome on WINDOWS (45f6f4a9b6c3516553368b08c211d529)] -> xpath: (//input[@placeholder='Enter Password'])[1]] clicked successfully
15:45:16 INFO  PageActions:67 - Cleared the [[ChromeDriver: chrome on WINDOWS (45f6f4a9b6c3516553368b08c211d529)] -> xpath: (//input[@placeholder='Enter Password'])[1]] text field
15:45:17 INFO  PageActions:69 - Send data to [[ChromeDriver: chrome on WINDOWS (45f6f4a9b6c3516553368b08c211d529)] -> xpath: (//input[@placeholder='Enter Password'])[1]] sucessfully
15:45:17 INFO  PageActions:158 - Wait for the [[ChromeDriver: chrome on WINDOWS (45f6f4a9b6c3516553368b08c211d529)] -> xpath: (//button[contains(text(),'Sign In')])[1]]
15:45:17 INFO  PageActions:160 - Wait for the [[ChromeDriver: chrome on WINDOWS (45f6f4a9b6c3516553368b08c211d529)] -> xpath: (//button[contains(text(),'Sign In')])[1]] to be visible
15:45:17 INFO  PageActions:162 - element is clickable
15:45:17 INFO  PageActions:54 - Element [[ChromeDriver: chrome on WINDOWS (45f6f4a9b6c3516553368b08c211d529)] -> xpath: (//button[contains(text(),'Sign In')])[1]] found on the page
15:45:17 INFO  PageActions:57 - Element [[ChromeDriver: chrome on WINDOWS (45f6f4a9b6c3516553368b08c211d529)] -> xpath: (//button[contains(text(),'Sign In')])[1]] clicked successfully
15:45:17 INFO  PageActions:173 - Wait for the [[ChromeDriver: chrome on WINDOWS (45f6f4a9b6c3516553368b08c211d529)] -> xpath: //div[@id='toast-container']] to be invisible
15:45:17 INFO  PageActions:175 - element is invisible now
15:45:17 INFO  PageActions:158 - Wait for the [[ChromeDriver: chrome on WINDOWS (45f6f4a9b6c3516553368b08c211d529)] -> xpath: //span[contains(text(),'Sign In ')]]
15:45:17 INFO  PageActions:160 - Wait for the [[ChromeDriver: chrome on WINDOWS (45f6f4a9b6c3516553368b08c211d529)] -> xpath: //span[contains(text(),'Sign In ')]] to be visible
15:45:17 INFO  PageActions:162 - element is clickable
15:45:17 INFO  PageActions:54 - Element [[ChromeDriver: chrome on WINDOWS (45f6f4a9b6c3516553368b08c211d529)] -> xpath: //span[contains(text(),'Sign In ')]] found on the page
15:45:17 INFO  PageActions:57 - Element [[ChromeDriver: chrome on WINDOWS (45f6f4a9b6c3516553368b08c211d529)] -> xpath: //span[contains(text(),'Sign In ')]] clicked successfully
15:45:17 INFO  PageActions:158 - Wait for the [[ChromeDriver: chrome on WINDOWS (45f6f4a9b6c3516553368b08c211d529)] -> xpath: (//input[@placeholder='Enter Email'])[1]]
15:45:17 INFO  PageActions:160 - Wait for the [[ChromeDriver: chrome on WINDOWS (45f6f4a9b6c3516553368b08c211d529)] -> xpath: (//input[@placeholder='Enter Email'])[1]] to be visible
15:45:17 INFO  PageActions:162 - element is clickable
15:45:17 INFO  PageActions:54 - Element [[ChromeDriver: chrome on WINDOWS (45f6f4a9b6c3516553368b08c211d529)] -> xpath: (//input[@placeholder='Enter Email'])[1]] found on the page
15:45:17 INFO  PageActions:57 - Element [[ChromeDriver: chrome on WINDOWS (45f6f4a9b6c3516553368b08c211d529)] -> xpath: (//input[@placeholder='Enter Email'])[1]] clicked successfully
15:45:17 INFO  PageActions:144 - Element field [[ChromeDriver: chrome on WINDOWS (45f6f4a9b6c3516553368b08c211d529)] -> xpath: (//input[@placeholder='Enter Email'])[1]] value attribute recived sucessfully
15:45:17 INFO  PageActions:146 - Element field [[ChromeDriver: chrome on WINDOWS (45f6f4a9b6c3516553368b08c211d529)] -> xpath: (//input[@placeholder='Enter Email'])[1]] is cleared sucessfully
15:45:17 INFO  PageActions:67 - Cleared the [[ChromeDriver: chrome on WINDOWS (45f6f4a9b6c3516553368b08c211d529)] -> xpath: (//input[@placeholder='Enter Email'])[1]] text field
15:45:18 INFO  PageActions:69 - Send data to [[ChromeDriver: chrome on WINDOWS (45f6f4a9b6c3516553368b08c211d529)] -> xpath: (//input[@placeholder='Enter Email'])[1]] sucessfully
15:45:18 INFO  PageActions:158 - Wait for the [[ChromeDriver: chrome on WINDOWS (45f6f4a9b6c3516553368b08c211d529)] -> xpath: (//input[@placeholder='Enter Password'])[1]]
15:45:18 INFO  PageActions:160 - Wait for the [[ChromeDriver: chrome on WINDOWS (45f6f4a9b6c3516553368b08c211d529)] -> xpath: (//input[@placeholder='Enter Password'])[1]] to be visible
15:45:18 INFO  PageActions:162 - element is clickable
15:45:18 INFO  PageActions:54 - Element [[ChromeDriver: chrome on WINDOWS (45f6f4a9b6c3516553368b08c211d529)] -> xpath: (//input[@placeholder='Enter Password'])[1]] found on the page
15:45:18 INFO  PageActions:57 - Element [[ChromeDriver: chrome on WINDOWS (45f6f4a9b6c3516553368b08c211d529)] -> xpath: (//input[@placeholder='Enter Password'])[1]] clicked successfully
15:45:18 INFO  PageActions:144 - Element field [[ChromeDriver: chrome on WINDOWS (45f6f4a9b6c3516553368b08c211d529)] -> xpath: (//input[@placeholder='Enter Password'])[1]] value attribute recived sucessfully
15:45:18 INFO  PageActions:146 - Element field [[ChromeDriver: chrome on WINDOWS (45f6f4a9b6c3516553368b08c211d529)] -> xpath: (//input[@placeholder='Enter Password'])[1]] is cleared sucessfully
15:45:18 INFO  PageActions:67 - Cleared the [[ChromeDriver: chrome on WINDOWS (45f6f4a9b6c3516553368b08c211d529)] -> xpath: (//input[@placeholder='Enter Password'])[1]] text field
15:45:18 INFO  PageActions:69 - Send data to [[ChromeDriver: chrome on WINDOWS (45f6f4a9b6c3516553368b08c211d529)] -> xpath: (//input[@placeholder='Enter Password'])[1]] sucessfully
15:45:18 INFO  PageActions:158 - Wait for the [[ChromeDriver: chrome on WINDOWS (45f6f4a9b6c3516553368b08c211d529)] -> xpath: (//button[contains(text(),'Sign In')])[1]]
15:45:18 INFO  PageActions:160 - Wait for the [[ChromeDriver: chrome on WINDOWS (45f6f4a9b6c3516553368b08c211d529)] -> xpath: (//button[contains(text(),'Sign In')])[1]] to be visible
15:45:18 INFO  PageActions:162 - element is clickable
15:45:18 INFO  PageActions:54 - Element [[ChromeDriver: chrome on WINDOWS (45f6f4a9b6c3516553368b08c211d529)] -> xpath: (//button[contains(text(),'Sign In')])[1]] found on the page
15:45:18 INFO  PageActions:57 - Element [[ChromeDriver: chrome on WINDOWS (45f6f4a9b6c3516553368b08c211d529)] -> xpath: (//button[contains(text(),'Sign In')])[1]] clicked successfully
15:45:18 INFO  PageActions:173 - Wait for the [[ChromeDriver: chrome on WINDOWS (45f6f4a9b6c3516553368b08c211d529)] -> xpath: //div[@id='toast-container']] to be invisible
15:45:24 INFO  PageActions:175 - element is invisible now
15:45:25 ERROR PageActions:164 - Exception in waitForAnElementToBeVisible method- Expected condition failed: waiting for element to be clickable: [[ChromeDriver: chrome on WINDOWS (b12237aedb7503d3fd47094fe6c35035)] -> xpath: //button[contains(text(),'Register')]] (tried for 20 second(s) with 500 milliseconds interval)
Build info: version: '3.10.0', revision: '176b4a9', time: '2018-03-02T19:03:16.397Z'
System info: host: 'azstorageexp', ip: '10.0.0.4', os.name: 'Windows Server 2016', os.arch: 'amd64', os.version: '10.0', java.version: '1.8.0_211'
Driver info: org.openqa.selenium.chrome.ChromeDriver
Capabilities {acceptInsecureCerts: false, browserName: chrome, browserVersion: 79.0.3945.130, chrome: {chromedriverVersion: 79.0.3945.36 (3582db32b3389..., userDataDir: C:\Users\sdetlabs\AppData\L...}, goog:chromeOptions: {debuggerAddress: localhost:50325}, javascriptEnabled: true, networkConnectionEnabled: false, pageLoadStrategy: normal, platform: WINDOWS, platformName: WINDOWS, proxy: Proxy(), setWindowRect: true, strictFileInteractability: false, timeouts: {implicit: 0, pageLoad: 300000, script: 30000}, unhandledPromptBehavior: dismiss and notify}
Session ID: b12237aedb7503d3fd47094fe6c35035
15:45:25 INFO  PageActions:54 - Element [[ChromeDriver: chrome on WINDOWS (b12237aedb7503d3fd47094fe6c35035)] -> xpath: //button[contains(text(),'Register')]] found on the page
15:45:25 ERROR PageActions:59 - Exception in Click method- move target out of bounds
  (Session info: chrome=79.0.3945.130)
Build info: version: '3.10.0', revision: '176b4a9', time: '2018-03-02T19:03:16.397Z'
System info: host: 'azstorageexp', ip: '10.0.0.4', os.name: 'Windows Server 2016', os.arch: 'amd64', os.version: '10.0', java.version: '1.8.0_211'
Driver info: org.openqa.selenium.chrome.ChromeDriver
Capabilities {acceptInsecureCerts: false, browserName: chrome, browserVersion: 79.0.3945.130, chrome: {chromedriverVersion: 79.0.3945.36 (3582db32b3389..., userDataDir: C:\Users\sdetlabs\AppData\L...}, goog:chromeOptions: {debuggerAddress: localhost:50325}, javascriptEnabled: true, networkConnectionEnabled: false, pageLoadStrategy: normal, platform: WINDOWS, platformName: WINDOWS, proxy: Proxy(), setWindowRect: true, strictFileInteractability: false, timeouts: {implicit: 0, pageLoad: 300000, script: 30000}, unhandledPromptBehavior: dismiss and notify}
Session ID: b12237aedb7503d3fd47094fe6c35035
15:45:25 INFO  RegisterTest:28 - Registereda user
15:45:30 DEBUG cache:45 - Couldn't find template in cache for "Extent.ftl"("en_US", UTF-8, parsed); will try to load it.
15:45:30 DEBUG cache:45 - TemplateLoader.findTemplateSource("Extent_en_US.ftl"): Not found
15:45:30 DEBUG cache:45 - TemplateLoader.findTemplateSource("Extent_en.ftl"): Not found
15:45:30 DEBUG cache:45 - TemplateLoader.findTemplateSource("Extent.ftl"): Found
15:45:30 DEBUG cache:45 - Loading template for "Extent.ftl"("en_US", UTF-8, parsed) from "jar:file:/C:/Users/sdetlabs/.gradle/caches/modules-2/files-2.1/com.relevantcodes/extentreports/2.41.2/f3cfee1e734668ac4e3574a9b47ad735476b4b04/extentreports-2.41.2.jar!/com/relevantcodes/extentreports/view/Extent.ftl"
15:45:30 DEBUG cache:45 - Couldn't find template in cache for "Extent.ftl"("en_US", UTF-8, parsed); will try to load it.
15:45:30 DEBUG cache:45 - TemplateLoader.findTemplateSource("Extent_en_US.ftl"): Not found
15:45:30 DEBUG cache:45 - TemplateLoader.findTemplateSource("Extent_en.ftl"): Not found
15:45:30 DEBUG cache:45 - TemplateLoader.findTemplateSource("Extent.ftl"): Found
15:45:30 DEBUG cache:45 - Loading template for "Extent.ftl"("en_US", UTF-8, parsed) from "jar:file:/C:/Users/sdetlabs/.gradle/caches/modules-2/files-2.1/com.relevantcodes/extentreports/2.41.2/f3cfee1e734668ac4e3574a9b47ad735476b4b04/extentreports-2.41.2.jar!/com/relevantcodes/extentreports/view/Extent.ftl"
15:50:59 ERROR PageActions:31 - Current Page URL http://okmry52647dns.eastus.cloudapp.azure.com:9090/home is not matching with expected http://okmry52647dns.eastus.cloudapp.azure.com:9090/user_entry/login url
15:50:59 INFO  PageActions:158 - Wait for the [[ChromeDriver: chrome on WINDOWS (c34fefbd413269418f5a1da99043fd78)] -> xpath: //span[contains(text(),'Sign In ')]]
15:50:59 INFO  PageActions:158 - Wait for the [[ChromeDriver: chrome on WINDOWS (1550cb30877fa11db28b10c5609a480a)] -> xpath: //span[contains(text(),'Sign In ')]]
15:50:59 INFO  PageActions:160 - Wait for the [[ChromeDriver: chrome on WINDOWS (1550cb30877fa11db28b10c5609a480a)] -> xpath: //span[contains(text(),'Sign In ')]] to be visible
15:50:59 INFO  PageActions:160 - Wait for the [[ChromeDriver: chrome on WINDOWS (c34fefbd413269418f5a1da99043fd78)] -> xpath: //span[contains(text(),'Sign In ')]] to be visible
15:50:59 INFO  PageActions:162 - element is clickable
15:50:59 INFO  PageActions:54 - Element [[ChromeDriver: chrome on WINDOWS (1550cb30877fa11db28b10c5609a480a)] -> xpath: //span[contains(text(),'Sign In ')]] found on the page
15:50:59 INFO  PageActions:162 - element is clickable
15:50:59 INFO  PageActions:54 - Element [[ChromeDriver: chrome on WINDOWS (c34fefbd413269418f5a1da99043fd78)] -> xpath: //span[contains(text(),'Sign In ')]] found on the page
15:50:59 INFO  PageActions:57 - Element [[ChromeDriver: chrome on WINDOWS (1550cb30877fa11db28b10c5609a480a)] -> xpath: //span[contains(text(),'Sign In ')]] clicked successfully
15:51:00 INFO  PageActions:57 - Element [[ChromeDriver: chrome on WINDOWS (c34fefbd413269418f5a1da99043fd78)] -> xpath: //span[contains(text(),'Sign In ')]] clicked successfully
15:51:00 INFO  PageActions:158 - Wait for the [[ChromeDriver: chrome on WINDOWS (1550cb30877fa11db28b10c5609a480a)] -> xpath: (//input[@placeholder='Enter Email'])[1]]
15:51:00 INFO  PageActions:158 - Wait for the [[ChromeDriver: chrome on WINDOWS (c34fefbd413269418f5a1da99043fd78)] -> xpath: //button[@class='btn btn-primary btn-md' and contains(text(),'Create your Account')]]
15:51:00 INFO  PageActions:160 - Wait for the [[ChromeDriver: chrome on WINDOWS (1550cb30877fa11db28b10c5609a480a)] -> xpath: (//input[@placeholder='Enter Email'])[1]] to be visible
15:51:00 INFO  PageActions:160 - Wait for the [[ChromeDriver: chrome on WINDOWS (c34fefbd413269418f5a1da99043fd78)] -> xpath: //button[@class='btn btn-primary btn-md' and contains(text(),'Create your Account')]] to be visible
15:51:00 INFO  PageActions:162 - element is clickable
15:51:00 INFO  PageActions:54 - Element [[ChromeDriver: chrome on WINDOWS (1550cb30877fa11db28b10c5609a480a)] -> xpath: (//input[@placeholder='Enter Email'])[1]] found on the page
15:51:00 INFO  PageActions:162 - element is clickable
15:51:00 INFO  PageActions:54 - Element [[ChromeDriver: chrome on WINDOWS (c34fefbd413269418f5a1da99043fd78)] -> xpath: //button[@class='btn btn-primary btn-md' and contains(text(),'Create your Account')]] found on the page
15:51:00 INFO  PageActions:57 - Element [[ChromeDriver: chrome on WINDOWS (1550cb30877fa11db28b10c5609a480a)] -> xpath: (//input[@placeholder='Enter Email'])[1]] clicked successfully
15:51:00 INFO  PageActions:67 - Cleared the [[ChromeDriver: chrome on WINDOWS (1550cb30877fa11db28b10c5609a480a)] -> xpath: (//input[@placeholder='Enter Email'])[1]] text field
